012345678910111213141516171819202122232425262728
Q                            
  Q                          
    Q                        
 Q                           
   Q                         
        Q                    
          Q                  
            Q                
              Q              
     Q                       
                   Q         
                       Q     
                         Q   
                    Q        
                            Q
                          Q  
                        Q    
                           Q 
       Q                     
           Q                 
      Q                      
               Q             
         Q                   
                Q            
                     Q       
             Q               
                 Q           
                      Q      
                  Q          
